<?xml version="1.0" encoding="UTF-8"?>
<!-- Generated by org.testng.reporters.JUnitXMLReporter -->
<testsuite hostname="Rakesh-Nishis-MacBook-Pro.local" failures="1" tests="2" name="Test" time="0.045" errors="0" timestamp="11 May 2022 05:40:41 GMT">
  <testcase classname="testCases.Login" name="homePageTitle" time="0.028">
    <failure type="java.lang.NullPointerException" message="Cannot invoke &amp;quot;org.openqa.selenium.WebDriver.findElement(org.openqa.selenium.By)&amp;quot; because &amp;quot;testCases.Login.driver&amp;quot; is null">
      <![CDATA[java.lang.NullPointerException: Cannot invoke "org.openqa.selenium.WebDriver.findElement(org.openqa.selenium.By)" because "testCases.Login.driver" is null
	at testCases.Login.homePageTitle(Login.java:75)
... Removed 22 stack frames]]>
    </failure>
  </testcase> <!-- homePageTitle -->
  <testcase classname="testCases.ArrayClass" name="arrayPageSelection" time="0.0">
    <skipped/>
  </testcase> <!-- arrayPageSelection -->
</testsuite> <!-- Test -->
